app/build/outputs/apk/manifest-merger-debug-report.txt
-- Merging decision tree log ---
manifest
ADDED from AndroidManifest.xml:2:1
	xmlns:android
		ADDED from AndroidManifest.xml:2:11
	package
		ADDED from AndroidManifest.xml:3:5
		INJECTED from AndroidManifest.xml:0:0
		INJECTED from AndroidManifest.xml:0:0
	android:versionName
		ADDED from AndroidManifest.xml:5:5
	android:versionCode
		ADDED from AndroidManifest.xml:4:5
		INJECTED from AndroidManifest.xml:0:0
		INJECTED from AndroidManifest.xml:0:0
uses-sdk
ADDED from AndroidManifest.xml:7:5
MERGED from com.android.support:support-v4:21.0.3:15:5
MERGED from com.android.support:appcompat-v7:21.0.3:15:5
MERGED from com.android.support:support-v4:21.0.3:15:5
	android:targetSdkVersion
		ADDED from AndroidManifest.xml:9:9
		INJECTED from AndroidManifest.xml:0:0
		INJECTED from AndroidManifest.xml:0:0
	android:minSdkVersion
		ADDED from AndroidManifest.xml:8:9
		INJECTED from AndroidManifest.xml:0:0
		INJECTED from AndroidManifest.xml:0:0
application
ADDED from AndroidManifest.xml:19:5
MERGED from com.android.support:support-v4:21.0.3:16:5
MERGED from com.android.support:appcompat-v7:21.0.3:16:5
MERGED from com.android.support:support-v4:21.0.3:16:5
	android:label
		ADDED from AndroidManifest.xml:22:9
	android:allowBackup
		ADDED from AndroidManifest.xml:20:9
	android:icon
		ADDED from AndroidManifest.xml:21:9
	android:theme
		ADDED from AndroidManifest.xml:23:9
activity#org.rankingtenis.rankingtenismutilva.Ranking
ADDED from AndroidManifest.xml:24:9
	android:label
		ADDED from AndroidManifest.xml:26:13
	android:name
		ADDED from AndroidManifest.xml:25:13
intent-filter#android.intent.action.MAIN+android.intent.category.LAUNCHER
ADDED from AndroidManifest.xml:27:13
action#android.intent.action.MAIN
ADDED from AndroidManifest.xml:28:17
	android:name
		ADDED from AndroidManifest.xml:28:25
category#android.intent.category.LAUNCHER
ADDED from AndroidManifest.xml:30:17
	android:name
		ADDED from AndroidManifest.xml:30:27
activity#org.rankingtenis.rankingtenismutilva.Creditos
ADDED from AndroidManifest.xml:33:9
	android:label
		ADDED from AndroidManifest.xml:35:13
	android:name
		ADDED from AndroidManifest.xml:34:13
activity#org.rankingtenis.rankingtenismutilva.Jugadores
ADDED from AndroidManifest.xml:37:9
	android:label
		ADDED from AndroidManifest.xml:39:13
	android:name
		ADDED from AndroidManifest.xml:38:13
activity#org.rankingtenis.rankingtenismutilva.Grupos
ADDED from AndroidManifest.xml:41:9
	android:label
		ADDED from AndroidManifest.xml:43:13
	android:name
		ADDED from AndroidManifest.xml:42:13
activity#org.rankingtenis.rankingtenismutilva.Clasificacion
ADDED from AndroidManifest.xml:45:9
	android:label
		ADDED from AndroidManifest.xml:47:13
	android:name
		ADDED from AndroidManifest.xml:46:13
activity#org.rankingtenis.rankingtenismutilva.Preferencias
ADDED from AndroidManifest.xml:49:9
	android:label
		ADDED from AndroidManifest.xml:51:13
	android:name
		ADDED from AndroidManifest.xml:50:13